2023-04-03 17:19:50.484  INFO   - Starting SysApplication using Java 11.0.16.1 on JuneUTF with PID 2624 (C:\Users\juneu\OneDrive\Máy tính\K&K\sys\target\classes started by juneu in C:\Users\juneu\OneDrive\Máy tính\K&K\sys)
2023-04-03 17:19:50.492  INFO   - No active profile set, falling back to 1 default profile: "default"
2023-04-03 17:19:50.546  INFO   - Devtools property defaults active! Set 'spring.devtools.add-properties' to 'false' to disable
2023-04-03 17:19:50.546  INFO   - For additional web related logging consider setting the 'logging.level.web' property to 'DEBUG'
2023-04-03 17:19:51.864  INFO   - Tomcat initialized with port(s): 8080 (http)
2023-04-03 17:19:51.878  INFO   - Initializing ProtocolHandler ["http-nio-8080"]
2023-04-03 17:19:51.879  INFO   - Starting service [Tomcat]
2023-04-03 17:19:51.880  INFO   - Starting Servlet engine: [Apache Tomcat/9.0.68]
2023-04-03 17:19:51.983  INFO   - Initializing Spring embedded WebApplicationContext
2023-04-03 17:19:51.983  INFO   - Root WebApplicationContext: initialization completed in 1435 ms
2023-04-03 17:19:52.636  INFO   - Adding welcome page template: index
2023-04-03 17:19:52.895  WARN   - Unable to start LiveReload server
2023-04-03 17:19:52.912  INFO   - Starting ProtocolHandler ["http-nio-8080"]
2023-04-03 17:19:52.920  WARN   - Exception encountered during context initialization - cancelling refresh attempt: org.springframework.context.ApplicationContextException: Failed to start bean 'webServerStartStop'; nested exception is org.springframework.boot.web.server.PortInUseException: Port 8080 is already in use
2023-04-03 17:19:52.928  INFO   - Pausing ProtocolHandler ["http-nio-8080"]
2023-04-03 17:19:52.928  INFO   - Stopping service [Tomcat]
2023-04-03 17:19:52.933  INFO   - Stopping ProtocolHandler ["http-nio-8080"]
2023-04-03 17:19:52.934  INFO   - Destroying ProtocolHandler ["http-nio-8080"]
2023-04-03 17:19:52.943  INFO   - 

Error starting ApplicationContext. To display the conditions report re-run your application with 'debug' enabled.
2023-04-03 17:19:52.967  ERROR  - 

***************************
APPLICATION FAILED TO START
***************************

Description:

Web server failed to start. Port 8080 was already in use.

Action:

Identify and stop the process that's listening on port 8080 or configure this application to listen on another port.

2023-04-03 18:01:36.114  INFO   - Starting SysApplication using Java 11.0.16.1 on JuneUTF with PID 17968 (C:\Users\juneu\OneDrive\Máy tính\K&K\sys\target\classes started by juneu in C:\Users\juneu\OneDrive\Máy tính\K&K\sys)
2023-04-03 18:01:36.117  INFO   - No active profile set, falling back to 1 default profile: "default"
2023-04-03 18:01:36.165  INFO   - Devtools property defaults active! Set 'spring.devtools.add-properties' to 'false' to disable
2023-04-03 18:01:36.165  INFO   - For additional web related logging consider setting the 'logging.level.web' property to 'DEBUG'
2023-04-03 18:01:37.328  INFO   - Tomcat initialized with port(s): 8080 (http)
2023-04-03 18:01:37.341  INFO   - Initializing ProtocolHandler ["http-nio-8080"]
2023-04-03 18:01:37.342  INFO   - Starting service [Tomcat]
2023-04-03 18:01:37.342  INFO   - Starting Servlet engine: [Apache Tomcat/9.0.68]
2023-04-03 18:01:37.427  INFO   - Initializing Spring embedded WebApplicationContext
2023-04-03 18:01:37.427  INFO   - Root WebApplicationContext: initialization completed in 1262 ms
2023-04-03 18:01:37.885  INFO   - Adding welcome page template: index
2023-04-03 18:01:38.081  INFO   - LiveReload server is running on port 35729
2023-04-03 18:01:38.099  INFO   - Starting ProtocolHandler ["http-nio-8080"]
2023-04-03 18:01:38.127  INFO   - Tomcat started on port(s): 8080 (http) with context path ''
2023-04-03 18:01:38.138  INFO   - Started SysApplication in 2.369 seconds (JVM running for 3.398)
